[Sun Jul 29 02:23:16.057451 2018] [core:warn] [pid 19336:tid 144] AH00098: pid file J:/TWAMP_PHP7/Yrjo Yrittaja/logs/apache.pid overwritten -- Unclean shutdown of previous Apache run?
[Sun Jul 29 02:23:16.062449 2018] [mpm_winnt:notice] [pid 19336:tid 144] AH00455: Apache/2.4.34 (Win64) PHP/7.2.8 configured -- resuming normal operations
[Sun Jul 29 02:23:16.062449 2018] [mpm_winnt:notice] [pid 19336:tid 144] AH00456: Apache Lounge VC15 Server built: Jul 11 2018 13:09:01
[Sun Jul 29 02:23:16.062449 2018] [core:notice] [pid 19336:tid 144] AH00094: Command line: 'httpd -d J:/TWAMP_PHP7/Yrjo Yrittaja/server/httpd-2.4.34-win64-VC15/Apache24 -f J:\\TWAMP_PHP7\\Yrjo Yrittaja/httpd.conf'
[Sun Jul 29 02:23:16.062449 2018] [core:debug] [pid 19336:tid 144] log.c(1568): AH02639: Using SO_REUSEPORT: no (0)
[Sun Jul 29 02:23:16.064452 2018] [mpm_winnt:notice] [pid 19336:tid 144] AH00418: Parent: Created child process 18244
[Sun Jul 29 02:23:16.064452 2018] [mpm_winnt:debug] [pid 19336:tid 144] mpm_winnt.c(429): AH00402: Parent: Sent the scoreboard to the child
[Sun Jul 29 02:23:16.514415 2018] [mpm_winnt:debug] [pid 18244:tid 620] mpm_winnt.c(1718): AH00453: Child process is running
[Sun Jul 29 02:23:16.514415 2018] [mpm_winnt:debug] [pid 18244:tid 620] mpm_winnt.c(343): AH00391: Child: Retrieved our scoreboard from the parent.
[Sun Jul 29 02:23:16.514415 2018] [mpm_winnt:debug] [pid 18244:tid 620] mpm_winnt.c(465): AH00403: Child: Waiting for data for listening socket 0.0.0.0:80
[Sun Jul 29 02:23:16.514415 2018] [mpm_winnt:debug] [pid 19336:tid 144] mpm_winnt.c(512): AH00408: Parent: Duplicating socket 488 (0.0.0.0:80) and sending it to child process 18244
[Sun Jul 29 02:23:16.515410 2018] [mpm_winnt:debug] [pid 19336:tid 144] mpm_winnt.c(512): AH00408: Parent: Duplicating socket 496 ([::]:80) and sending it to child process 18244
[Sun Jul 29 02:23:16.515410 2018] [mpm_winnt:debug] [pid 19336:tid 144] mpm_winnt.c(531): AH00411: Parent: Sent 2 listeners to child 18244
[Sun Jul 29 02:23:16.516414 2018] [mpm_winnt:debug] [pid 18244:tid 620] mpm_winnt.c(465): AH00403: Child: Waiting for data for listening socket [::]:80
[Sun Jul 29 02:23:16.516414 2018] [mpm_winnt:debug] [pid 18244:tid 620] mpm_winnt.c(490): AH00407: Child: retrieved 2 listeners from parent
[Sun Jul 29 02:23:16.516414 2018] [mpm_winnt:debug] [pid 18244:tid 620] child.c(947): AH00352: Child: Acquired the start mutex.
[Sun Jul 29 02:23:16.516414 2018] [mpm_winnt:notice] [pid 18244:tid 620] AH00354: Child: Starting 64 worker threads.
[Sun Jul 29 02:23:16.517409 2018] [mpm_winnt:debug] [pid 18244:tid 1128] child.c(411): AH00334: Child: Accept thread listening on [::]:80 using AcceptFilter connect
[Sun Jul 29 02:23:16.517409 2018] [mpm_winnt:debug] [pid 18244:tid 1132] child.c(411): AH00334: Child: Accept thread listening on 0.0.0.0:80 using AcceptFilter connect
[Sun Jul 29 02:23:26.679184 2018] [mpm_winnt:crit] [pid 18244:tid 620] AH02538: Child: Parent process exited abruptly. Child process is ending
[Sun Jul 29 02:23:26.679184 2018] [mpm_winnt:warn] [pid 18244:tid 1128] (OS 995)The I/O operation has been aborted because of either a thread exit or an application request.  : AH00341: winnt_accept: Asynchronous AcceptEx failed.
[Sun Jul 29 02:23:26.680184 2018] [mpm_winnt:debug] [pid 18244:tid 1128] child.c(708): AH00348: Child: Accept thread exiting.
[Sun Jul 29 02:23:26.679184 2018] [mpm_winnt:warn] [pid 18244:tid 1132] (OS 995)The I/O operation has been aborted because of either a thread exit or an application request.  : AH00341: winnt_accept: Asynchronous AcceptEx failed.
[Sun Jul 29 02:23:26.680184 2018] [mpm_winnt:debug] [pid 18244:tid 1132] child.c(708): AH00348: Child: Accept thread exiting.
[Sun Jul 29 02:23:27.680595 2018] [mpm_winnt:debug] [pid 18244:tid 620] child.c(1141): AH00359: Child: Released the start mutex
[Sun Jul 29 02:23:27.680595 2018] [mpm_winnt:debug] [pid 18244:tid 620] child.c(1153): AH00361: Child: 64 threads blocked on the completion port
[Sun Jul 29 02:23:28.681571 2018] [mpm_winnt:notice] [pid 18244:tid 620] AH00364: Child: All worker threads have exited.
[Sun Jul 29 02:23:28.682568 2018] [mpm_winnt:debug] [pid 18244:tid 620] mpm_winnt.c(1723): AH00454: Child process is exiting
[Sun Jul 29 02:27:39.506583 2018] [core:warn] [pid 16240:tid 576] AH00098: pid file J:/TWAMP_PHP7/Yrjo Yrittaja/logs/apache.pid overwritten -- Unclean shutdown of previous Apache run?
PHP:  syntax error, unexpected $end, expecting TC_DOLLAR_CURLY or TC_QUOTED_STRING or '"' in J:\TWAMP_PHP7\Yrjo Yrittaja\php.ini on line 55
[Sun Jul 29 02:27:39.528577 2018] [mpm_winnt:notice] [pid 16240:tid 576] AH00455: Apache/2.4.34 (Win64) PHP/7.2.8 configured -- resuming normal operations
[Sun Jul 29 02:27:39.528577 2018] [mpm_winnt:notice] [pid 16240:tid 576] AH00456: Apache Lounge VC15 Server built: Jul 11 2018 13:09:01
[Sun Jul 29 02:27:39.528577 2018] [core:notice] [pid 16240:tid 576] AH00094: Command line: 'httpd -d J:/TWAMP_PHP7/Yrjo Yrittaja/server/httpd-2.4.34-win64-VC15/Apache24 -f J:\\TWAMP_PHP7\\Yrjo Yrittaja/httpd.conf'
[Sun Jul 29 02:27:39.528577 2018] [core:debug] [pid 16240:tid 576] log.c(1568): AH02639: Using SO_REUSEPORT: no (0)
[Sun Jul 29 02:27:39.530579 2018] [mpm_winnt:notice] [pid 16240:tid 576] AH00418: Parent: Created child process 18032
[Sun Jul 29 02:27:39.530579 2018] [mpm_winnt:debug] [pid 16240:tid 576] mpm_winnt.c(429): AH00402: Parent: Sent the scoreboard to the child
PHP:  syntax error, unexpected $end, expecting TC_DOLLAR_CURLY or TC_QUOTED_STRING or '"' in J:\TWAMP_PHP7\Yrjo Yrittaja\php.ini on line 55
[Sun Jul 29 02:27:40.048410 2018] [mpm_winnt:debug] [pid 18032:tid 516] mpm_winnt.c(1718): AH00453: Child process is running
[Sun Jul 29 02:27:40.048410 2018] [mpm_winnt:debug] [pid 18032:tid 516] mpm_winnt.c(343): AH00391: Child: Retrieved our scoreboard from the parent.
[Sun Jul 29 02:27:40.048410 2018] [mpm_winnt:debug] [pid 18032:tid 516] mpm_winnt.c(465): AH00403: Child: Waiting for data for listening socket 0.0.0.0:80
[Sun Jul 29 02:27:40.048410 2018] [mpm_winnt:debug] [pid 16240:tid 576] mpm_winnt.c(512): AH00408: Parent: Duplicating socket 604 (0.0.0.0:80) and sending it to child process 18032
[Sun Jul 29 02:27:40.049410 2018] [mpm_winnt:debug] [pid 16240:tid 576] mpm_winnt.c(512): AH00408: Parent: Duplicating socket 600 ([::]:80) and sending it to child process 18032
[Sun Jul 29 02:27:40.049410 2018] [mpm_winnt:debug] [pid 16240:tid 576] mpm_winnt.c(531): AH00411: Parent: Sent 2 listeners to child 18032
[Sun Jul 29 02:27:40.050409 2018] [mpm_winnt:debug] [pid 18032:tid 516] mpm_winnt.c(465): AH00403: Child: Waiting for data for listening socket [::]:80
[Sun Jul 29 02:27:40.050409 2018] [mpm_winnt:debug] [pid 18032:tid 516] mpm_winnt.c(490): AH00407: Child: retrieved 2 listeners from parent
[Sun Jul 29 02:27:40.050409 2018] [mpm_winnt:debug] [pid 18032:tid 516] child.c(947): AH00352: Child: Acquired the start mutex.
[Sun Jul 29 02:27:40.050409 2018] [mpm_winnt:notice] [pid 18032:tid 516] AH00354: Child: Starting 64 worker threads.
[Sun Jul 29 02:27:40.052405 2018] [mpm_winnt:debug] [pid 18032:tid 1200] child.c(411): AH00334: Child: Accept thread listening on 0.0.0.0:80 using AcceptFilter connect
[Sun Jul 29 02:27:40.052405 2018] [mpm_winnt:debug] [pid 18032:tid 1196] child.c(411): AH00334: Child: Accept thread listening on [::]:80 using AcceptFilter connect
[Sun Jul 29 02:27:43.163204 2018] [authz_core:debug] [pid 18032:tid 1192] mod_authz_core.c(817): [client ::1:64841] AH01626: authorization result of Require all granted: granted
[Sun Jul 29 02:27:43.163204 2018] [authz_core:debug] [pid 18032:tid 1192] mod_authz_core.c(817): [client ::1:64841] AH01626: authorization result of <RequireAny>: granted
[Sun Jul 29 02:32:14.743338 2018] [mpm_winnt:crit] [pid 18032:tid 516] AH02538: Child: Parent process exited abruptly. Child process is ending
[Sun Jul 29 02:32:14.743338 2018] [mpm_winnt:warn] [pid 18032:tid 1200] (OS 995)The I/O operation has been aborted because of either a thread exit or an application request.  : AH00341: winnt_accept: Asynchronous AcceptEx failed.
[Sun Jul 29 02:32:14.743338 2018] [mpm_winnt:warn] [pid 18032:tid 1196] (OS 995)The I/O operation has been aborted because of either a thread exit or an application request.  : AH00341: winnt_accept: Asynchronous AcceptEx failed.
[Sun Jul 29 02:32:14.744337 2018] [mpm_winnt:debug] [pid 18032:tid 1196] child.c(708): AH00348: Child: Accept thread exiting.
[Sun Jul 29 02:32:14.744337 2018] [mpm_winnt:debug] [pid 18032:tid 1200] child.c(708): AH00348: Child: Accept thread exiting.
[Sun Jul 29 02:32:15.745015 2018] [mpm_winnt:debug] [pid 18032:tid 516] child.c(1141): AH00359: Child: Released the start mutex
[Sun Jul 29 02:32:15.745015 2018] [mpm_winnt:debug] [pid 18032:tid 516] child.c(1153): AH00361: Child: 64 threads blocked on the completion port
[Sun Jul 29 02:32:16.745688 2018] [mpm_winnt:notice] [pid 18032:tid 516] AH00364: Child: All worker threads have exited.
[Sun Jul 29 02:32:16.747686 2018] [mpm_winnt:debug] [pid 18032:tid 516] mpm_winnt.c(1723): AH00454: Child process is exiting
[Sun Jul 29 02:32:33.097331 2018] [core:warn] [pid 15380:tid 548] AH00098: pid file J:/TWAMP_PHP7/Yrjo Yrittaja/logs/apache.pid overwritten -- Unclean shutdown of previous Apache run?
PHP:  syntax error, unexpected $end, expecting TC_DOLLAR_CURLY or TC_QUOTED_STRING or '"' in J:\TWAMP_PHP7\Yrjo Yrittaja\php.ini on line 55
[Sun Jul 29 02:32:33.111327 2018] [mpm_winnt:notice] [pid 15380:tid 548] AH00455: Apache/2.4.34 (Win64) PHP/7.2.8 configured -- resuming normal operations
[Sun Jul 29 02:32:33.111327 2018] [mpm_winnt:notice] [pid 15380:tid 548] AH00456: Apache Lounge VC15 Server built: Jul 11 2018 13:09:01
[Sun Jul 29 02:32:33.111327 2018] [core:notice] [pid 15380:tid 548] AH00094: Command line: 'httpd -d J:/TWAMP_PHP7/Yrjo Yrittaja/server/httpd-2.4.34-win64-VC15/Apache24 -f J:\\TWAMP_PHP7\\Yrjo Yrittaja/httpd.conf'
[Sun Jul 29 02:32:33.111327 2018] [core:debug] [pid 15380:tid 548] log.c(1568): AH02639: Using SO_REUSEPORT: no (0)
[Sun Jul 29 02:32:33.113323 2018] [mpm_winnt:notice] [pid 15380:tid 548] AH00418: Parent: Created child process 19244
[Sun Jul 29 02:32:33.113323 2018] [mpm_winnt:debug] [pid 15380:tid 548] mpm_winnt.c(429): AH00402: Parent: Sent the scoreboard to the child
PHP:  syntax error, unexpected $end, expecting TC_DOLLAR_CURLY or TC_QUOTED_STRING or '"' in J:\TWAMP_PHP7\Yrjo Yrittaja\php.ini on line 55
[Sun Jul 29 02:32:33.486203 2018] [mpm_winnt:debug] [pid 19244:tid 712] mpm_winnt.c(1718): AH00453: Child process is running
[Sun Jul 29 02:32:33.486203 2018] [mpm_winnt:debug] [pid 19244:tid 712] mpm_winnt.c(343): AH00391: Child: Retrieved our scoreboard from the parent.
[Sun Jul 29 02:32:33.486203 2018] [mpm_winnt:debug] [pid 15380:tid 548] mpm_winnt.c(512): AH00408: Parent: Duplicating socket 556 (0.0.0.0:80) and sending it to child process 19244
[Sun Jul 29 02:32:33.486203 2018] [mpm_winnt:debug] [pid 19244:tid 712] mpm_winnt.c(465): AH00403: Child: Waiting for data for listening socket 0.0.0.0:80
[Sun Jul 29 02:32:33.487201 2018] [mpm_winnt:debug] [pid 15380:tid 548] mpm_winnt.c(512): AH00408: Parent: Duplicating socket 520 ([::]:80) and sending it to child process 19244
[Sun Jul 29 02:32:33.487201 2018] [mpm_winnt:debug] [pid 15380:tid 548] mpm_winnt.c(531): AH00411: Parent: Sent 2 listeners to child 19244
[Sun Jul 29 02:32:33.487201 2018] [mpm_winnt:debug] [pid 19244:tid 712] mpm_winnt.c(465): AH00403: Child: Waiting for data for listening socket [::]:80
[Sun Jul 29 02:32:33.488201 2018] [mpm_winnt:debug] [pid 19244:tid 712] mpm_winnt.c(490): AH00407: Child: retrieved 2 listeners from parent
[Sun Jul 29 02:32:33.488201 2018] [mpm_winnt:debug] [pid 19244:tid 712] child.c(947): AH00352: Child: Acquired the start mutex.
[Sun Jul 29 02:32:33.488201 2018] [mpm_winnt:notice] [pid 19244:tid 712] AH00354: Child: Starting 64 worker threads.
[Sun Jul 29 02:32:33.489200 2018] [mpm_winnt:debug] [pid 19244:tid 1184] child.c(411): AH00334: Child: Accept thread listening on [::]:80 using AcceptFilter connect
[Sun Jul 29 02:32:33.489200 2018] [mpm_winnt:debug] [pid 19244:tid 1188] child.c(411): AH00334: Child: Accept thread listening on 0.0.0.0:80 using AcceptFilter connect
[Sun Jul 29 02:32:50.956515 2018] [authz_core:debug] [pid 19244:tid 1164] mod_authz_core.c(817): [client ::1:65150] AH01626: authorization result of Require all granted: granted, referer: http://localhost/
[Sun Jul 29 02:32:50.956515 2018] [authz_core:debug] [pid 19244:tid 1164] mod_authz_core.c(817): [client ::1:65150] AH01626: authorization result of <RequireAny>: granted, referer: http://localhost/
[Sun Jul 29 02:32:57.924228 2018] [authz_core:debug] [pid 19244:tid 1164] mod_authz_core.c(817): [client ::1:65161] AH01626: authorization result of Require all granted: granted, referer: http://localhost/
[Sun Jul 29 02:32:57.924228 2018] [authz_core:debug] [pid 19244:tid 1164] mod_authz_core.c(817): [client ::1:65161] AH01626: authorization result of <RequireAny>: granted, referer: http://localhost/
[Sun Jul 29 02:33:03.064541 2018] [authz_core:debug] [pid 19244:tid 1164] mod_authz_core.c(817): [client ::1:65168] AH01626: authorization result of Require all granted: granted, referer: http://localhost/
[Sun Jul 29 02:33:03.064541 2018] [authz_core:debug] [pid 19244:tid 1164] mod_authz_core.c(817): [client ::1:65168] AH01626: authorization result of <RequireAny>: granted, referer: http://localhost/
[Sun Jul 29 02:33:03.274473 2018] [authz_core:debug] [pid 19244:tid 1164] mod_authz_core.c(817): [client ::1:65168] AH01626: authorization result of Require all granted: granted, referer: http://localhost/
[Sun Jul 29 02:33:03.274473 2018] [authz_core:debug] [pid 19244:tid 1164] mod_authz_core.c(817): [client ::1:65168] AH01626: authorization result of <RequireAny>: granted, referer: http://localhost/
[Sun Jul 29 02:33:04.677017 2018] [authz_core:debug] [pid 19244:tid 1164] mod_authz_core.c(817): [client ::1:65168] AH01626: authorization result of Require all granted: granted, referer: http://localhost/wordpress/wp-admin/setup-config.php
[Sun Jul 29 02:33:04.677017 2018] [authz_core:debug] [pid 19244:tid 1164] mod_authz_core.c(817): [client ::1:65168] AH01626: authorization result of <RequireAny>: granted, referer: http://localhost/wordpress/wp-admin/setup-config.php
[Sun Jul 29 02:33:04.677017 2018] [core:info] [pid 19244:tid 1164] [client ::1:65168] AH00128: File does not exist: J:/TWAMP_PHP7/Yrjo Yrittaja/htdocs/wordpress/images/spinner-2x.gif, referer: http://localhost/wordpress/wp-admin/setup-config.php
[Sun Jul 29 02:36:18.002489 2018] [authz_core:debug] [pid 19244:tid 1164] mod_authz_core.c(817): [client ::1:65374] AH01626: authorization result of Require all granted: granted, referer: http://localhost/wordpress/wp-admin/setup-config.php
[Sun Jul 29 02:36:18.002489 2018] [authz_core:debug] [pid 19244:tid 1164] mod_authz_core.c(817): [client ::1:65374] AH01626: authorization result of <RequireAny>: granted, referer: http://localhost/wordpress/wp-admin/setup-config.php
[Sun Jul 29 02:37:01.652510 2018] [mpm_winnt:crit] [pid 19244:tid 712] AH02538: Child: Parent process exited abruptly. Child process is ending
[Sun Jul 29 02:37:01.652510 2018] [mpm_winnt:warn] [pid 19244:tid 1188] (OS 995)The I/O operation has been aborted because of either a thread exit or an application request.  : AH00341: winnt_accept: Asynchronous AcceptEx failed.
[Sun Jul 29 02:37:01.652510 2018] [mpm_winnt:warn] [pid 19244:tid 1184] (OS 995)The I/O operation has been aborted because of either a thread exit or an application request.  : AH00341: winnt_accept: Asynchronous AcceptEx failed.
[Sun Jul 29 02:37:01.652510 2018] [mpm_winnt:debug] [pid 19244:tid 1188] child.c(708): AH00348: Child: Accept thread exiting.
[Sun Jul 29 02:37:01.652510 2018] [mpm_winnt:debug] [pid 19244:tid 1184] child.c(708): AH00348: Child: Accept thread exiting.
[Sun Jul 29 02:37:02.653248 2018] [mpm_winnt:debug] [pid 19244:tid 712] child.c(1141): AH00359: Child: Released the start mutex
[Sun Jul 29 02:37:02.653248 2018] [mpm_winnt:debug] [pid 19244:tid 712] child.c(1153): AH00361: Child: 64 threads blocked on the completion port
[Sun Jul 29 02:37:03.653626 2018] [mpm_winnt:notice] [pid 19244:tid 712] AH00364: Child: All worker threads have exited.
[Sun Jul 29 02:37:03.659621 2018] [mpm_winnt:debug] [pid 19244:tid 712] mpm_winnt.c(1723): AH00454: Child process is exiting
[Sun Jul 29 02:37:08.376470 2018] [core:warn] [pid 17000:tid 576] AH00098: pid file J:/TWAMP_PHP7/Yrjo Yrittaja/logs/apache.pid overwritten -- Unclean shutdown of previous Apache run?
PHP:  syntax error, unexpected $end, expecting TC_DOLLAR_CURLY or TC_QUOTED_STRING or '"' in J:\TWAMP_PHP7\Yrjo Yrittaja\php.ini on line 55
[Sun Jul 29 02:37:08.388453 2018] [mpm_winnt:notice] [pid 17000:tid 576] AH00455: Apache/2.4.34 (Win64) PHP/7.2.8 configured -- resuming normal operations
[Sun Jul 29 02:37:08.388453 2018] [mpm_winnt:notice] [pid 17000:tid 576] AH00456: Apache Lounge VC15 Server built: Jul 11 2018 13:09:01
[Sun Jul 29 02:37:08.388453 2018] [core:notice] [pid 17000:tid 576] AH00094: Command line: 'httpd -d J:/TWAMP_PHP7/Yrjo Yrittaja/server/httpd-2.4.34-win64-VC15/Apache24 -f J:\\TWAMP_PHP7\\Yrjo Yrittaja/httpd.conf'
[Sun Jul 29 02:37:08.390452 2018] [mpm_winnt:notice] [pid 17000:tid 576] AH00418: Parent: Created child process 18304
PHP:  syntax error, unexpected $end, expecting TC_DOLLAR_CURLY or TC_QUOTED_STRING or '"' in J:\TWAMP_PHP7\Yrjo Yrittaja\php.ini on line 55
[Sun Jul 29 02:37:08.801321 2018] [mpm_winnt:notice] [pid 18304:tid 4] AH00354: Child: Starting 64 worker threads.
[Sun Jul 29 02:38:03.770468 2018] [mpm_winnt:notice] [pid 18304:tid 4] AH00364: Child: All worker threads have exited.
[Sun Jul 29 02:46:16.104883 2018] [core:warn] [pid 18452:tid 636] AH00098: pid file J:/TWAMP_PHP7/Yrj\xc3\xb6 Yrittaj\xc3\xa4/logs/apache.pid overwritten -- Unclean shutdown of previous Apache run?
PHP:  syntax error, unexpected $end, expecting TC_DOLLAR_CURLY or TC_QUOTED_STRING or '"' in J:\TWAMP_PHP7\Yrjö Yrittajä\php.ini on line 55
[Sun Jul 29 02:46:16.119882 2018] [mpm_winnt:notice] [pid 18452:tid 636] AH00455: Apache/2.4.34 (Win64) PHP/7.2.8 configured -- resuming normal operations
[Sun Jul 29 02:46:16.119882 2018] [mpm_winnt:notice] [pid 18452:tid 636] AH00456: Apache Lounge VC15 Server built: Jul 11 2018 13:09:01
[Sun Jul 29 02:46:16.119882 2018] [core:notice] [pid 18452:tid 636] AH00094: Command line: 'httpd -d J:/TWAMP_PHP7/Yrj\xc3\xb6 Yrittaj\xc3\xa4/server/httpd-2.4.34-win64-VC15/Apache24 -f J:\\TWAMP_PHP7\\Yrj\xc3\xb6 Yrittaj\xc3\xa4/httpd.conf'
[Sun Jul 29 02:46:16.121882 2018] [mpm_winnt:notice] [pid 18452:tid 636] AH00418: Parent: Created child process 14568
PHP:  syntax error, unexpected $end, expecting TC_DOLLAR_CURLY or TC_QUOTED_STRING or '"' in J:\TWAMP_PHP7\Yrjö Yrittajä\php.ini on line 55
[Sun Jul 29 02:46:16.590815 2018] [mpm_winnt:notice] [pid 14568:tid 640] AH00354: Child: Starting 64 worker threads.
[Sun Jul 29 02:46:25.680570 2018] [rewrite:trace2] [pid 14568:tid 1184] mod_rewrite.c(482): [client ::1:49699] ::1 - - [localhost/sid#2dc7b53d3a8][rid#2dc7b59a2c0/initial] init rewrite engine with requested uri /php/phpinfo.php
[Sun Jul 29 02:46:25.680570 2018] [rewrite:trace1] [pid 14568:tid 1184] mod_rewrite.c(482): [client ::1:49699] ::1 - - [localhost/sid#2dc7b53d3a8][rid#2dc7b59a2c0/initial] pass through /php/phpinfo.php
[Sun Jul 29 02:46:31.407698 2018] [rewrite:trace2] [pid 14568:tid 1184] mod_rewrite.c(482): [client ::1:49705] ::1 - - [localhost/sid#2dc7b53d3a8][rid#2dc7b5a02f0/initial] init rewrite engine with requested uri /php/phpinfo.php, referer: http://localhost/
[Sun Jul 29 02:46:31.407698 2018] [rewrite:trace1] [pid 14568:tid 1184] mod_rewrite.c(482): [client ::1:49705] ::1 - - [localhost/sid#2dc7b53d3a8][rid#2dc7b5a02f0/initial] pass through /php/phpinfo.php, referer: http://localhost/
[Sun Jul 29 02:46:43.289802 2018] [rewrite:trace2] [pid 14568:tid 1176] mod_rewrite.c(482): [client ::1:49717] ::1 - - [localhost/sid#2dc7b53d3a8][rid#2dc7de47de0/initial] init rewrite engine with requested uri /wordpress/index.php, referer: http://localhost/
[Sun Jul 29 02:46:43.289802 2018] [rewrite:trace1] [pid 14568:tid 1176] mod_rewrite.c(482): [client ::1:49717] ::1 - - [localhost/sid#2dc7b53d3a8][rid#2dc7de47de0/initial] pass through /wordpress/index.php, referer: http://localhost/
[Sun Jul 29 02:46:43.542720 2018] [rewrite:trace2] [pid 14568:tid 1176] mod_rewrite.c(482): [client ::1:49717] ::1 - - [localhost/sid#2dc7b53d3a8][rid#2dc7de57e60/initial] init rewrite engine with requested uri /wordpress/wp-admin/setup-config.php, referer: http://localhost/
[Sun Jul 29 02:46:43.542720 2018] [rewrite:trace1] [pid 14568:tid 1176] mod_rewrite.c(482): [client ::1:49717] ::1 - - [localhost/sid#2dc7b53d3a8][rid#2dc7de57e60/initial] pass through /wordpress/wp-admin/setup-config.php, referer: http://localhost/
[Sun Jul 29 02:46:44.874285 2018] [rewrite:trace2] [pid 14568:tid 1176] mod_rewrite.c(482): [client ::1:49717] ::1 - - [localhost/sid#2dc7b53d3a8][rid#2dc7de47de0/initial] init rewrite engine with requested uri /wordpress/images/spinner-2x.gif, referer: http://localhost/wordpress/wp-admin/setup-config.php
[Sun Jul 29 02:46:44.874285 2018] [rewrite:trace1] [pid 14568:tid 1176] mod_rewrite.c(482): [client ::1:49717] ::1 - - [localhost/sid#2dc7b53d3a8][rid#2dc7de47de0/initial] pass through /wordpress/images/spinner-2x.gif, referer: http://localhost/wordpress/wp-admin/setup-config.php
[Sun Jul 29 02:46:50.249224 2018] [rewrite:trace2] [pid 14568:tid 1176] mod_rewrite.c(482): [client ::1:49728] ::1 - - [localhost/sid#2dc7b53d3a8][rid#2dc7de55e50/initial] init rewrite engine with requested uri /php/phpinfo.php, referer: http://localhost/
[Sun Jul 29 02:46:50.249224 2018] [rewrite:trace1] [pid 14568:tid 1176] mod_rewrite.c(482): [client ::1:49728] ::1 - - [localhost/sid#2dc7b53d3a8][rid#2dc7de55e50/initial] pass through /php/phpinfo.php, referer: http://localhost/
[Sun Jul 29 02:46:53.235247 2018] [rewrite:trace2] [pid 14568:tid 1176] mod_rewrite.c(482): [client ::1:49728] ::1 - - [localhost/sid#2dc7b53d3a8][rid#2dc7de4be00/initial] init rewrite engine with requested uri /php/mysql_show_variables.php, referer: http://localhost/
[Sun Jul 29 02:46:53.235247 2018] [rewrite:trace1] [pid 14568:tid 1176] mod_rewrite.c(482): [client ::1:49728] ::1 - - [localhost/sid#2dc7b53d3a8][rid#2dc7de4be00/initial] pass through /php/mysql_show_variables.php, referer: http://localhost/
[Sun Jul 29 02:50:34.743584 2018] [mpm_winnt:notice] [pid 14568:tid 640] AH00364: Child: All worker threads have exited.
[Sun Jul 29 03:15:31.252642 2018] [core:warn] [pid 11056:tid 452] AH00098: pid file J:/TWAMP_PHP7/twamp7/logs/apache.pid overwritten -- Unclean shutdown of previous Apache run?
PHP:  syntax error, unexpected $end, expecting TC_DOLLAR_CURLY or TC_QUOTED_STRING or '"' in J:\TWAMP_PHP7\twamp7\php.ini on line 56
[Sun Jul 29 03:15:31.267637 2018] [mpm_winnt:notice] [pid 11056:tid 452] AH00455: Apache/2.4.34 (Win64) PHP/7.2.8 configured -- resuming normal operations
[Sun Jul 29 03:15:31.267637 2018] [mpm_winnt:notice] [pid 11056:tid 452] AH00456: Apache Lounge VC15 Server built: Jul 11 2018 13:09:01
[Sun Jul 29 03:15:31.267637 2018] [core:notice] [pid 11056:tid 452] AH00094: Command line: 'httpd -d J:/TWAMP_PHP7/twamp7/server/httpd-2.4.34-win64-VC15/Apache24 -f J:\\TWAMP_PHP7\\twamp7/httpd.conf'
[Sun Jul 29 03:15:31.269635 2018] [mpm_winnt:notice] [pid 11056:tid 452] AH00418: Parent: Created child process 11008
PHP:  syntax error, unexpected $end, expecting TC_DOLLAR_CURLY or TC_QUOTED_STRING or '"' in J:\TWAMP_PHP7\twamp7\php.ini on line 56
[Sun Jul 29 03:15:31.649516 2018] [mpm_winnt:notice] [pid 11008:tid 624] AH00354: Child: Starting 64 worker threads.
[Sun Jul 29 03:15:47.226081 2018] [rewrite:trace2] [pid 11008:tid 1184] mod_rewrite.c(482): [client ::1:51531] ::1 - - [localhost/sid#19a6615f218][rid#19a661a4790/initial] init rewrite engine with requested uri /php/mysql_show_variables.php, referer: http://localhost/
[Sun Jul 29 03:15:47.227078 2018] [rewrite:trace1] [pid 11008:tid 1184] mod_rewrite.c(482): [client ::1:51531] ::1 - - [localhost/sid#19a6615f218][rid#19a661a4790/initial] pass through /php/mysql_show_variables.php, referer: http://localhost/
[Sun Jul 29 03:16:41.696241 2018] [mpm_winnt:notice] [pid 11008:tid 624] AH00364: Child: All worker threads have exited.
[Sun Jul 29 03:16:45.105126 2018] [core:warn] [pid 19008:tid 636] AH00098: pid file J:/TWAMP_PHP7/twamp7/logs/apache.pid overwritten -- Unclean shutdown of previous Apache run?
PHP:  syntax error, unexpected $end, expecting TC_DOLLAR_CURLY or TC_QUOTED_STRING or '"' in J:\TWAMP_PHP7\twamp7\php.ini on line 56
[Sun Jul 29 03:16:45.118120 2018] [mpm_winnt:notice] [pid 19008:tid 636] AH00455: Apache/2.4.34 (Win64) PHP/7.2.8 configured -- resuming normal operations
[Sun Jul 29 03:16:45.118120 2018] [mpm_winnt:notice] [pid 19008:tid 636] AH00456: Apache Lounge VC15 Server built: Jul 11 2018 13:09:01
[Sun Jul 29 03:16:45.118120 2018] [core:notice] [pid 19008:tid 636] AH00094: Command line: 'httpd -d J:/TWAMP_PHP7/twamp7/server/httpd-2.4.34-win64-VC15/Apache24 -f J:\\TWAMP_PHP7\\twamp7/httpd.conf'
[Sun Jul 29 03:16:45.120120 2018] [mpm_winnt:notice] [pid 19008:tid 636] AH00418: Parent: Created child process 19080
PHP:  syntax error, unexpected $end, expecting TC_DOLLAR_CURLY or TC_QUOTED_STRING or '"' in J:\TWAMP_PHP7\twamp7\php.ini on line 56
[Sun Jul 29 03:16:45.510992 2018] [mpm_winnt:notice] [pid 19080:tid 464] AH00354: Child: Starting 64 worker threads.
[Sun Jul 29 03:16:50.320416 2018] [rewrite:trace2] [pid 19080:tid 1172] mod_rewrite.c(482): [client ::1:51598] ::1 - - [localhost/sid#1db8a6568d8][rid#1db8a6ad5a0/initial] init rewrite engine with requested uri /php/phpinfo.php
[Sun Jul 29 03:16:50.320416 2018] [rewrite:trace1] [pid 19080:tid 1172] mod_rewrite.c(482): [client ::1:51598] ::1 - - [localhost/sid#1db8a6568d8][rid#1db8a6ad5a0/initial] pass through /php/phpinfo.php
[Sun Jul 29 03:18:27.039742 2018] [rewrite:trace2] [pid 19080:tid 1172] mod_rewrite.c(482): [client ::1:51695] ::1 - - [localhost/sid#1db8a6568d8][rid#1db8a6ab590/initial] init rewrite engine with requested uri /
[Sun Jul 29 03:18:27.039742 2018] [rewrite:trace1] [pid 19080:tid 1172] mod_rewrite.c(482): [client ::1:51695] ::1 - - [localhost/sid#1db8a6568d8][rid#1db8a6ab590/initial] pass through /
[Sun Jul 29 03:18:27.039742 2018] [rewrite:trace2] [pid 19080:tid 1172] mod_rewrite.c(482): [client ::1:51695] ::1 - - [localhost/sid#1db8a6568d8][rid#1db8a6ad5a0/subreq] init rewrite engine with requested uri /index.html
[Sun Jul 29 03:18:27.039742 2018] [rewrite:trace1] [pid 19080:tid 1172] mod_rewrite.c(482): [client ::1:51695] ::1 - - [localhost/sid#1db8a6568d8][rid#1db8a6ad5a0/subreq] pass through /index.html
[Sun Jul 29 03:18:27.040743 2018] [rewrite:trace2] [pid 19080:tid 1172] mod_rewrite.c(482): [client ::1:51695] ::1 - - [localhost/sid#1db8a6568d8][rid#1db8a6ad5a0/subreq] init rewrite engine with requested uri /index.php
[Sun Jul 29 03:18:27.040743 2018] [rewrite:trace1] [pid 19080:tid 1172] mod_rewrite.c(482): [client ::1:51695] ::1 - - [localhost/sid#1db8a6568d8][rid#1db8a6ad5a0/subreq] pass through /index.php
[Sun Jul 29 03:18:27.189693 2018] [rewrite:trace2] [pid 19080:tid 1172] mod_rewrite.c(482): [client ::1:51695] ::1 - - [localhost/sid#1db8a6568d8][rid#1db8a6af5b0/initial] init rewrite engine with requested uri /styles/style_warm.css, referer: http://localhost/
[Sun Jul 29 03:18:27.189693 2018] [rewrite:trace1] [pid 19080:tid 1172] mod_rewrite.c(482): [client ::1:51695] ::1 - - [localhost/sid#1db8a6568d8][rid#1db8a6af5b0/initial] pass through /styles/style_warm.css, referer: http://localhost/
[Sun Jul 29 03:18:31.406312 2018] [rewrite:trace2] [pid 19080:tid 1172] mod_rewrite.c(482): [client ::1:51695] ::1 - - [localhost/sid#1db8a6568d8][rid#1db8a6ab590/initial] init rewrite engine with requested uri /distro/twamp.zip, referer: http://localhost/
[Sun Jul 29 03:18:31.406312 2018] [rewrite:trace1] [pid 19080:tid 1172] mod_rewrite.c(482): [client ::1:51695] ::1 - - [localhost/sid#1db8a6568d8][rid#1db8a6ab590/initial] pass through /distro/twamp.zip, referer: http://localhost/
[Sun Jul 29 03:18:56.698118 2018] [rewrite:trace2] [pid 19080:tid 1172] mod_rewrite.c(482): [client ::1:51727] ::1 - - [localhost/sid#1db8a6568d8][rid#1db8a6a3550/initial] init rewrite engine with requested uri /distro/twamp.zip, referer: http://localhost/
[Sun Jul 29 03:18:56.698118 2018] [rewrite:trace1] [pid 19080:tid 1172] mod_rewrite.c(482): [client ::1:51727] ::1 - - [localhost/sid#1db8a6568d8][rid#1db8a6a3550/initial] pass through /distro/twamp.zip, referer: http://localhost/
[Sun Jul 29 03:18:58.628386 2018] [rewrite:trace2] [pid 19080:tid 1172] mod_rewrite.c(482): [client ::1:51727] ::1 - - [localhost/sid#1db8a6568d8][rid#1db8ccea100/initial] init rewrite engine with requested uri /distro/twamp.zip, referer: http://localhost/
[Sun Jul 29 03:18:58.628386 2018] [rewrite:trace1] [pid 19080:tid 1172] mod_rewrite.c(482): [client ::1:51727] ::1 - - [localhost/sid#1db8a6568d8][rid#1db8ccea100/initial] pass through /distro/twamp.zip, referer: http://localhost/
[Sun Jul 29 03:19:02.565034 2018] [rewrite:trace2] [pid 19080:tid 1172] mod_rewrite.c(482): [client ::1:51727] ::1 - - [localhost/sid#1db8a6568d8][rid#1db8ccee120/initial] init rewrite engine with requested uri /
[Sun Jul 29 03:19:02.566034 2018] [rewrite:trace1] [pid 19080:tid 1172] mod_rewrite.c(482): [client ::1:51727] ::1 - - [localhost/sid#1db8a6568d8][rid#1db8ccee120/initial] pass through /
[Sun Jul 29 03:19:02.566034 2018] [rewrite:trace2] [pid 19080:tid 1172] mod_rewrite.c(482): [client ::1:51727] ::1 - - [localhost/sid#1db8a6568d8][rid#1db8cce60e0/subreq] init rewrite engine with requested uri /index.html
[Sun Jul 29 03:19:02.566034 2018] [rewrite:trace1] [pid 19080:tid 1172] mod_rewrite.c(482): [client ::1:51727] ::1 - - [localhost/sid#1db8a6568d8][rid#1db8cce60e0/subreq] pass through /index.html
[Sun Jul 29 03:19:02.566034 2018] [rewrite:trace2] [pid 19080:tid 1172] mod_rewrite.c(482): [client ::1:51727] ::1 - - [localhost/sid#1db8a6568d8][rid#1db8cce60e0/subreq] init rewrite engine with requested uri /index.php
[Sun Jul 29 03:19:02.566034 2018] [rewrite:trace1] [pid 19080:tid 1172] mod_rewrite.c(482): [client ::1:51727] ::1 - - [localhost/sid#1db8a6568d8][rid#1db8cce60e0/subreq] pass through /index.php
[Sun Jul 29 03:19:02.711988 2018] [rewrite:trace2] [pid 19080:tid 1172] mod_rewrite.c(482): [client ::1:51727] ::1 - - [localhost/sid#1db8a6568d8][rid#1db8cce40d0/initial] init rewrite engine with requested uri /styles/style_warm.css, referer: http://localhost/
[Sun Jul 29 03:19:02.711988 2018] [rewrite:trace1] [pid 19080:tid 1172] mod_rewrite.c(482): [client ::1:51727] ::1 - - [localhost/sid#1db8a6568d8][rid#1db8cce40d0/initial] pass through /styles/style_warm.css, referer: http://localhost/
[Sun Jul 29 03:19:04.168549 2018] [rewrite:trace2] [pid 19080:tid 1172] mod_rewrite.c(482): [client ::1:51727] ::1 - - [localhost/sid#1db8a6568d8][rid#1db8ccee120/initial] init rewrite engine with requested uri /distro/twamp7.zip, referer: http://localhost/
[Sun Jul 29 03:19:04.168549 2018] [rewrite:trace1] [pid 19080:tid 1172] mod_rewrite.c(482): [client ::1:51727] ::1 - - [localhost/sid#1db8a6568d8][rid#1db8ccee120/initial] pass through /distro/twamp7.zip, referer: http://localhost/
[Sun Jul 29 03:19:39.934850 2018] [rewrite:trace2] [pid 19080:tid 1172] mod_rewrite.c(482): [client ::1:51773] ::1 - - [localhost/sid#1db8a6568d8][rid#1db8ccec110/initial] init rewrite engine with requested uri /
[Sun Jul 29 03:19:39.934850 2018] [rewrite:trace1] [pid 19080:tid 1172] mod_rewrite.c(482): [client ::1:51773] ::1 - - [localhost/sid#1db8a6568d8][rid#1db8ccec110/initial] pass through /
[Sun Jul 29 03:19:39.934850 2018] [rewrite:trace2] [pid 19080:tid 1172] mod_rewrite.c(482): [client ::1:51773] ::1 - - [localhost/sid#1db8a6568d8][rid#1db8a6a5560/subreq] init rewrite engine with requested uri /index.html
[Sun Jul 29 03:19:39.934850 2018] [rewrite:trace1] [pid 19080:tid 1172] mod_rewrite.c(482): [client ::1:51773] ::1 - - [localhost/sid#1db8a6568d8][rid#1db8a6a5560/subreq] pass through /index.html
[Sun Jul 29 03:19:39.934850 2018] [rewrite:trace2] [pid 19080:tid 1172] mod_rewrite.c(482): [client ::1:51773] ::1 - - [localhost/sid#1db8a6568d8][rid#1db8a6a5560/subreq] init rewrite engine with requested uri /index.php
[Sun Jul 29 03:19:39.934850 2018] [rewrite:trace1] [pid 19080:tid 1172] mod_rewrite.c(482): [client ::1:51773] ::1 - - [localhost/sid#1db8a6568d8][rid#1db8a6a5560/subreq] pass through /index.php
[Sun Jul 29 03:19:40.071806 2018] [rewrite:trace2] [pid 19080:tid 1172] mod_rewrite.c(482): [client ::1:51773] ::1 - - [localhost/sid#1db8a6568d8][rid#1db8a6ab590/initial] init rewrite engine with requested uri /styles/style_warm.css, referer: http://localhost/
[Sun Jul 29 03:19:40.071806 2018] [rewrite:trace1] [pid 19080:tid 1172] mod_rewrite.c(482): [client ::1:51773] ::1 - - [localhost/sid#1db8a6568d8][rid#1db8a6ab590/initial] pass through /styles/style_warm.css, referer: http://localhost/
[Sun Jul 29 03:19:55.799656 2018] [mpm_winnt:notice] [pid 19080:tid 464] AH00364: Child: All worker threads have exited.
[Sun Jul 29 03:19:58.167879 2018] [core:warn] [pid 20164:tid 660] AH00098: pid file J:/TWAMP_PHP7/twamp7/logs/apache.pid overwritten -- Unclean shutdown of previous Apache run?
PHP:  syntax error, unexpected $end, expecting TC_DOLLAR_CURLY or TC_QUOTED_STRING or '"' in J:\TWAMP_PHP7\twamp7\php.ini on line 56
[Sun Jul 29 03:19:58.180874 2018] [mpm_winnt:notice] [pid 20164:tid 660] AH00455: Apache/2.4.34 (Win64) PHP/7.2.8 configured -- resuming normal operations
[Sun Jul 29 03:19:58.180874 2018] [mpm_winnt:notice] [pid 20164:tid 660] AH00456: Apache Lounge VC15 Server built: Jul 11 2018 13:09:01
[Sun Jul 29 03:19:58.180874 2018] [core:notice] [pid 20164:tid 660] AH00094: Command line: 'httpd -d J:/TWAMP_PHP7/twamp7/server/httpd-2.4.34-win64-VC15/Apache24 -f J:\\TWAMP_PHP7\\twamp7/httpd.conf'
[Sun Jul 29 03:19:58.182873 2018] [mpm_winnt:notice] [pid 20164:tid 660] AH00418: Parent: Created child process 14596
PHP:  syntax error, unexpected $end, expecting TC_DOLLAR_CURLY or TC_QUOTED_STRING or '"' in J:\TWAMP_PHP7\twamp7\php.ini on line 56
[Sun Jul 29 03:19:58.569749 2018] [mpm_winnt:notice] [pid 14596:tid 652] AH00354: Child: Starting 64 worker threads.
[Sun Jul 29 03:20:19.766806 2018] [rewrite:trace2] [pid 14596:tid 1160] mod_rewrite.c(482): [client ::1:51811] ::1 - - [localhost/sid#223158344c8][rid#2231588e440/initial] init rewrite engine with requested uri /
[Sun Jul 29 03:20:19.766806 2018] [rewrite:trace1] [pid 14596:tid 1160] mod_rewrite.c(482): [client ::1:51811] ::1 - - [localhost/sid#223158344c8][rid#2231588e440/initial] pass through /
[Sun Jul 29 03:20:19.767805 2018] [rewrite:trace2] [pid 14596:tid 1160] mod_rewrite.c(482): [client ::1:51811] ::1 - - [localhost/sid#223158344c8][rid#2231588a420/subreq] init rewrite engine with requested uri /index.html
[Sun Jul 29 03:20:19.767805 2018] [rewrite:trace1] [pid 14596:tid 1160] mod_rewrite.c(482): [client ::1:51811] ::1 - - [localhost/sid#223158344c8][rid#2231588a420/subreq] pass through /index.html
[Sun Jul 29 03:20:19.767805 2018] [rewrite:trace2] [pid 14596:tid 1160] mod_rewrite.c(482): [client ::1:51811] ::1 - - [localhost/sid#223158344c8][rid#2231588a420/subreq] init rewrite engine with requested uri /index.php
[Sun Jul 29 03:20:19.767805 2018] [rewrite:trace1] [pid 14596:tid 1160] mod_rewrite.c(482): [client ::1:51811] ::1 - - [localhost/sid#223158344c8][rid#2231588a420/subreq] pass through /index.php
[Sun Jul 29 03:20:19.915757 2018] [rewrite:trace2] [pid 14596:tid 1160] mod_rewrite.c(482): [client ::1:51811] ::1 - - [localhost/sid#223158344c8][rid#22315894470/initial] init rewrite engine with requested uri /styles/style_warm.css, referer: http://localhost/
[Sun Jul 29 03:20:19.915757 2018] [rewrite:trace1] [pid 14596:tid 1160] mod_rewrite.c(482): [client ::1:51811] ::1 - - [localhost/sid#223158344c8][rid#22315894470/initial] pass through /styles/style_warm.css, referer: http://localhost/
[Sun Jul 29 03:20:53.713688 2018] [mpm_winnt:notice] [pid 14596:tid 576] (OS 10038)An operation was attempted on something that is not a socket.  : AH00338: winnt_mpm: falling back to 'AcceptFilter none'.
[Sun Jul 29 03:20:55.716035 2018] [mpm_winnt:notice] [pid 14596:tid 652] AH00364: Child: All worker threads have exited.
[Sun Jul 29 03:20:58.121245 2018] [core:warn] [pid 18980:tid 616] AH00098: pid file J:/TWAMP_PHP7/twamp7/logs/apache.pid overwritten -- Unclean shutdown of previous Apache run?
PHP:  syntax error, unexpected $end, expecting TC_DOLLAR_CURLY or TC_QUOTED_STRING or '"' in J:\TWAMP_PHP7\twamp7\php.ini on line 56
[Sun Jul 29 03:20:58.133241 2018] [mpm_winnt:notice] [pid 18980:tid 616] AH00455: Apache/2.4.34 (Win64) PHP/7.2.8 configured -- resuming normal operations
[Sun Jul 29 03:20:58.133241 2018] [mpm_winnt:notice] [pid 18980:tid 616] AH00456: Apache Lounge VC15 Server built: Jul 11 2018 13:09:01
[Sun Jul 29 03:20:58.133241 2018] [core:notice] [pid 18980:tid 616] AH00094: Command line: 'httpd -d J:/TWAMP_PHP7/twamp7/server/httpd-2.4.34-win64-VC15/Apache24 -f J:\\TWAMP_PHP7\\twamp7/httpd.conf'
[Sun Jul 29 03:20:58.134240 2018] [mpm_winnt:notice] [pid 18980:tid 616] AH00418: Parent: Created child process 16048
PHP:  syntax error, unexpected $end, expecting TC_DOLLAR_CURLY or TC_QUOTED_STRING or '"' in J:\TWAMP_PHP7\twamp7\php.ini on line 56
[Sun Jul 29 03:20:58.613086 2018] [mpm_winnt:notice] [pid 16048:tid 664] AH00354: Child: Starting 64 worker threads.
[Sun Jul 29 03:21:40.262464 2018] [rewrite:trace2] [pid 16048:tid 1192] mod_rewrite.c(482): [client ::1:51895] ::1 - - [localhost/sid#170c8519438][rid#170c85685d0/initial] init rewrite engine with requested uri /
[Sun Jul 29 03:21:40.262464 2018] [rewrite:trace1] [pid 16048:tid 1192] mod_rewrite.c(482): [client ::1:51895] ::1 - - [localhost/sid#170c8519438][rid#170c85685d0/initial] pass through /
[Sun Jul 29 03:21:40.262464 2018] [rewrite:trace2] [pid 16048:tid 1192] mod_rewrite.c(482): [client ::1:51895] ::1 - - [localhost/sid#170c8519438][rid#170c856c5f0/subreq] init rewrite engine with requested uri /index.html
[Sun Jul 29 03:21:40.262464 2018] [rewrite:trace1] [pid 16048:tid 1192] mod_rewrite.c(482): [client ::1:51895] ::1 - - [localhost/sid#170c8519438][rid#170c856c5f0/subreq] pass through /index.html
[Sun Jul 29 03:21:40.262464 2018] [rewrite:trace2] [pid 16048:tid 1192] mod_rewrite.c(482): [client ::1:51895] ::1 - - [localhost/sid#170c8519438][rid#170c856c5f0/subreq] init rewrite engine with requested uri /index.php
[Sun Jul 29 03:21:40.262464 2018] [rewrite:trace1] [pid 16048:tid 1192] mod_rewrite.c(482): [client ::1:51895] ::1 - - [localhost/sid#170c8519438][rid#170c856c5f0/subreq] pass through /index.php
[Sun Jul 29 03:21:40.413400 2018] [rewrite:trace2] [pid 16048:tid 1192] mod_rewrite.c(482): [client ::1:51895] ::1 - - [localhost/sid#170c8519438][rid#170c856a5e0/initial] init rewrite engine with requested uri /styles/style_warm.css, referer: http://localhost/
[Sun Jul 29 03:21:40.413400 2018] [rewrite:trace1] [pid 16048:tid 1192] mod_rewrite.c(482): [client ::1:51895] ::1 - - [localhost/sid#170c8519438][rid#170c856a5e0/initial] pass through /styles/style_warm.css, referer: http://localhost/
[Sun Jul 29 03:21:54.478798 2018] [rewrite:trace2] [pid 16048:tid 1192] mod_rewrite.c(482): [client ::1:51910] ::1 - - [localhost/sid#170c8519438][rid#170cabf5100/initial] init rewrite engine with requested uri /
[Sun Jul 29 03:21:54.478798 2018] [rewrite:trace1] [pid 16048:tid 1192] mod_rewrite.c(482): [client ::1:51910] ::1 - - [localhost/sid#170c8519438][rid#170cabf5100/initial] pass through /
[Sun Jul 29 03:21:54.478798 2018] [rewrite:trace2] [pid 16048:tid 1192] mod_rewrite.c(482): [client ::1:51910] ::1 - - [localhost/sid#170c8519438][rid#170cabf9120/subreq] init rewrite engine with requested uri /index.html
[Sun Jul 29 03:21:54.478798 2018] [rewrite:trace1] [pid 16048:tid 1192] mod_rewrite.c(482): [client ::1:51910] ::1 - - [localhost/sid#170c8519438][rid#170cabf9120/subreq] pass through /index.html
[Sun Jul 29 03:21:54.479798 2018] [rewrite:trace2] [pid 16048:tid 1192] mod_rewrite.c(482): [client ::1:51910] ::1 - - [localhost/sid#170c8519438][rid#170cabf9120/subreq] init rewrite engine with requested uri /index.php
[Sun Jul 29 03:21:54.479798 2018] [rewrite:trace1] [pid 16048:tid 1192] mod_rewrite.c(482): [client ::1:51910] ::1 - - [localhost/sid#170c8519438][rid#170cabf9120/subreq] pass through /index.php
[Sun Jul 29 03:21:54.609756 2018] [rewrite:trace2] [pid 16048:tid 1192] mod_rewrite.c(482): [client ::1:51910] ::1 - - [localhost/sid#170c8519438][rid#170cac05180/initial] init rewrite engine with requested uri /styles/style_warm.css, referer: http://localhost/
[Sun Jul 29 03:21:54.610752 2018] [rewrite:trace1] [pid 16048:tid 1192] mod_rewrite.c(482): [client ::1:51910] ::1 - - [localhost/sid#170c8519438][rid#170cac05180/initial] pass through /styles/style_warm.css, referer: http://localhost/
[Sun Jul 29 03:22:18.329987 2018] [rewrite:trace2] [pid 16048:tid 1192] mod_rewrite.c(482): [client ::1:51936] ::1 - - [localhost/sid#170c8519438][rid#170cabff150/initial] init rewrite engine with requested uri /
[Sun Jul 29 03:22:18.329987 2018] [rewrite:trace1] [pid 16048:tid 1192] mod_rewrite.c(482): [client ::1:51936] ::1 - - [localhost/sid#170c8519438][rid#170cabff150/initial] pass through /
[Sun Jul 29 03:22:18.329987 2018] [rewrite:trace2] [pid 16048:tid 1192] mod_rewrite.c(482): [client ::1:51936] ::1 - - [localhost/sid#170c8519438][rid#170c856c5f0/subreq] init rewrite engine with requested uri /index.html
[Sun Jul 29 03:22:18.329987 2018] [rewrite:trace1] [pid 16048:tid 1192] mod_rewrite.c(482): [client ::1:51936] ::1 - - [localhost/sid#170c8519438][rid#170c856c5f0/subreq] pass through /index.html
[Sun Jul 29 03:22:18.329987 2018] [rewrite:trace2] [pid 16048:tid 1192] mod_rewrite.c(482): [client ::1:51936] ::1 - - [localhost/sid#170c8519438][rid#170c856c5f0/subreq] init rewrite engine with requested uri /index.php
[Sun Jul 29 03:22:18.329987 2018] [rewrite:trace1] [pid 16048:tid 1192] mod_rewrite.c(482): [client ::1:51936] ::1 - - [localhost/sid#170c8519438][rid#170c856c5f0/subreq] pass through /index.php
[Sun Jul 29 03:22:18.476937 2018] [rewrite:trace2] [pid 16048:tid 1192] mod_rewrite.c(482): [client ::1:51936] ::1 - - [localhost/sid#170c8519438][rid#170c856a5e0/initial] init rewrite engine with requested uri /styles/style_warm.css, referer: http://localhost/
[Sun Jul 29 03:22:18.476937 2018] [rewrite:trace1] [pid 16048:tid 1192] mod_rewrite.c(482): [client ::1:51936] ::1 - - [localhost/sid#170c8519438][rid#170c856a5e0/initial] pass through /styles/style_warm.css, referer: http://localhost/
[Sun Jul 29 03:23:29.742598 2018] [mpm_winnt:notice] [pid 16048:tid 664] AH00364: Child: All worker threads have exited.
[Sun Jul 29 03:23:32.054845 2018] [core:warn] [pid 10984:tid 620] AH00098: pid file J:/TWAMP_PHP7/twamp7/logs/apache.pid overwritten -- Unclean shutdown of previous Apache run?
PHP:  syntax error, unexpected $end, expecting TC_DOLLAR_CURLY or TC_QUOTED_STRING or '"' in J:\TWAMP_PHP7\twamp7\php.ini on line 56
[Sun Jul 29 03:23:32.066837 2018] [mpm_winnt:notice] [pid 10984:tid 620] AH00455: Apache/2.4.34 (Win64) PHP/7.2.8 configured -- resuming normal operations
[Sun Jul 29 03:23:32.066837 2018] [mpm_winnt:notice] [pid 10984:tid 620] AH00456: Apache Lounge VC15 Server built: Jul 11 2018 13:09:01
[Sun Jul 29 03:23:32.066837 2018] [core:notice] [pid 10984:tid 620] AH00094: Command line: 'httpd -d J:/TWAMP_PHP7/twamp7/server/httpd-2.4.34-win64-VC15/Apache24 -f J:\\TWAMP_PHP7\\twamp7/httpd.conf'
[Sun Jul 29 03:23:32.068836 2018] [mpm_winnt:notice] [pid 10984:tid 620] AH00418: Parent: Created child process 19196
PHP:  syntax error, unexpected $end, expecting TC_DOLLAR_CURLY or TC_QUOTED_STRING or '"' in J:\TWAMP_PHP7\twamp7\php.ini on line 56
[Sun Jul 29 03:23:32.459711 2018] [mpm_winnt:notice] [pid 19196:tid 632] AH00354: Child: Starting 64 worker threads.
[Sun Jul 29 03:23:35.355759 2018] [rewrite:trace2] [pid 19196:tid 1160] mod_rewrite.c(482): [client ::1:52015] ::1 - - [localhost/sid#1620ea28478][rid#1620ea75340/initial] init rewrite engine with requested uri /
[Sun Jul 29 03:23:35.355759 2018] [rewrite:trace1] [pid 19196:tid 1160] mod_rewrite.c(482): [client ::1:52015] ::1 - - [localhost/sid#1620ea28478][rid#1620ea75340/initial] pass through /
[Sun Jul 29 03:23:35.355759 2018] [rewrite:trace2] [pid 19196:tid 1160] mod_rewrite.c(482): [client ::1:52015] ::1 - - [localhost/sid#1620ea28478][rid#1620ea8f410/subreq] init rewrite engine with requested uri /index.html
[Sun Jul 29 03:23:35.355759 2018] [rewrite:trace1] [pid 19196:tid 1160] mod_rewrite.c(482): [client ::1:52015] ::1 - - [localhost/sid#1620ea28478][rid#1620ea8f410/subreq] pass through /index.html
[Sun Jul 29 03:23:35.355759 2018] [rewrite:trace2] [pid 19196:tid 1160] mod_rewrite.c(482): [client ::1:52015] ::1 - - [localhost/sid#1620ea28478][rid#1620ea8f410/subreq] init rewrite engine with requested uri /index.php
[Sun Jul 29 03:23:35.355759 2018] [rewrite:trace1] [pid 19196:tid 1160] mod_rewrite.c(482): [client ::1:52015] ::1 - - [localhost/sid#1620ea28478][rid#1620ea8f410/subreq] pass through /index.php
[Sun Jul 29 03:23:35.930572 2018] [rewrite:trace2] [pid 19196:tid 1160] mod_rewrite.c(482): [client ::1:52015] ::1 - - [localhost/sid#1620ea28478][rid#1620ea893e0/initial] init rewrite engine with requested uri /styles/style_warm.css, referer: http://localhost/
[Sun Jul 29 03:23:35.930572 2018] [rewrite:trace1] [pid 19196:tid 1160] mod_rewrite.c(482): [client ::1:52015] ::1 - - [localhost/sid#1620ea28478][rid#1620ea893e0/initial] pass through /styles/style_warm.css, referer: http://localhost/
[Sun Jul 29 03:23:48.573432 2018] [rewrite:trace2] [pid 19196:tid 1160] mod_rewrite.c(482): [client ::1:52031] ::1 - - [localhost/sid#1620ea28478][rid#16210fb6190/initial] init rewrite engine with requested uri /
[Sun Jul 29 03:23:48.573432 2018] [rewrite:trace1] [pid 19196:tid 1160] mod_rewrite.c(482): [client ::1:52031] ::1 - - [localhost/sid#1620ea28478][rid#16210fb6190/initial] pass through /
[Sun Jul 29 03:23:48.573432 2018] [rewrite:trace2] [pid 19196:tid 1160] mod_rewrite.c(482): [client ::1:52031] ::1 - - [localhost/sid#1620ea28478][rid#16210fb0160/subreq] init rewrite engine with requested uri /index.html
[Sun Jul 29 03:23:48.573432 2018] [rewrite:trace1] [pid 19196:tid 1160] mod_rewrite.c(482): [client ::1:52031] ::1 - - [localhost/sid#1620ea28478][rid#16210fb0160/subreq] pass through /index.html
[Sun Jul 29 03:23:48.573432 2018] [rewrite:trace2] [pid 19196:tid 1160] mod_rewrite.c(482): [client ::1:52031] ::1 - - [localhost/sid#1620ea28478][rid#16210fb0160/subreq] init rewrite engine with requested uri /index.php
[Sun Jul 29 03:23:48.573432 2018] [rewrite:trace1] [pid 19196:tid 1160] mod_rewrite.c(482): [client ::1:52031] ::1 - - [localhost/sid#1620ea28478][rid#16210fb0160/subreq] pass through /index.php
[Sun Jul 29 03:24:41.843989 2018] [rewrite:trace2] [pid 19196:tid 1160] mod_rewrite.c(482): [client ::1:52031] ::1 - - [localhost/sid#1620ea28478][rid#16210fac140/initial] init rewrite engine with requested uri /styles/style_warm.css, referer: http://localhost/
[Sun Jul 29 03:24:41.843989 2018] [rewrite:trace1] [pid 19196:tid 1160] mod_rewrite.c(482): [client ::1:52031] ::1 - - [localhost/sid#1620ea28478][rid#16210fac140/initial] pass through /styles/style_warm.css, referer: http://localhost/
[Sun Jul 29 03:25:02.372264 2018] [rewrite:trace2] [pid 19196:tid 1160] mod_rewrite.c(482): [client ::1:52106] ::1 - - [localhost/sid#1620ea28478][rid#16210fa6110/initial] init rewrite engine with requested uri /php/phpinfo.php, referer: http://localhost/
[Sun Jul 29 03:25:02.372264 2018] [rewrite:trace1] [pid 19196:tid 1160] mod_rewrite.c(482): [client ::1:52106] ::1 - - [localhost/sid#1620ea28478][rid#16210fa6110/initial] pass through /php/phpinfo.php, referer: http://localhost/
[Sun Jul 29 03:29:24.767609 2018] [mpm_winnt:notice] [pid 19196:tid 1216] (OS 10038)An operation was attempted on something that is not a socket.  : AH00338: winnt_mpm: falling back to 'AcceptFilter none'.
[Sun Jul 29 03:29:24.767609 2018] [mpm_winnt:notice] [pid 19196:tid 1176] (OS 10038)An operation was attempted on something that is not a socket.  : AH00338: winnt_mpm: falling back to 'AcceptFilter none'.
[Sun Jul 29 03:29:26.768956 2018] [mpm_winnt:notice] [pid 19196:tid 632] AH00364: Child: All worker threads have exited.
[Sun Jul 29 06:10:16.121519 2018] [core:warn] [pid 19472:tid 596] AH00098: pid file J:/TWAMP_PHP7/twamp7/logs/apache.pid overwritten -- Unclean shutdown of previous Apache run?
PHP:  syntax error, unexpected $end, expecting TC_DOLLAR_CURLY or TC_QUOTED_STRING or '"' in J:\TWAMP_PHP7\twamp7\php.ini on line 56
[Sun Jul 29 06:10:16.132525 2018] [mpm_winnt:notice] [pid 19472:tid 596] AH00455: Apache/2.4.34 (Win64) PHP/7.2.8 configured -- resuming normal operations
[Sun Jul 29 06:10:16.133525 2018] [mpm_winnt:notice] [pid 19472:tid 596] AH00456: Apache Lounge VC15 Server built: Jul 11 2018 13:09:01
[Sun Jul 29 06:10:16.133525 2018] [core:notice] [pid 19472:tid 596] AH00094: Command line: 'httpd -d J:/TWAMP_PHP7/twamp7/server/httpd-2.4.34-win64-VC15/Apache24 -f J:\\TWAMP_PHP7\\twamp7/httpd.conf'
[Sun Jul 29 06:10:16.134514 2018] [mpm_winnt:notice] [pid 19472:tid 596] AH00418: Parent: Created child process 12456
PHP:  syntax error, unexpected $end, expecting TC_DOLLAR_CURLY or TC_QUOTED_STRING or '"' in J:\TWAMP_PHP7\twamp7\php.ini on line 56
[Sun Jul 29 06:10:16.501396 2018] [mpm_winnt:notice] [pid 12456:tid 688] AH00354: Child: Starting 64 worker threads.
[Sun Jul 29 06:10:21.209501 2018] [rewrite:trace2] [pid 12456:tid 1176] mod_rewrite.c(482): [client ::1:62163] ::1 - - [localhost/sid#2702af91338][rid#2702afe6e80/initial] init rewrite engine with requested uri /
[Sun Jul 29 06:10:21.209501 2018] [rewrite:trace1] [pid 12456:tid 1176] mod_rewrite.c(482): [client ::1:62163] ::1 - - [localhost/sid#2702af91338][rid#2702afe6e80/initial] pass through /
[Sun Jul 29 06:10:21.210502 2018] [rewrite:trace2] [pid 12456:tid 1176] mod_rewrite.c(482): [client ::1:62163] ::1 - - [localhost/sid#2702af91338][rid#2702afeaea0/subreq] init rewrite engine with requested uri /index.html
[Sun Jul 29 06:10:21.210502 2018] [rewrite:trace1] [pid 12456:tid 1176] mod_rewrite.c(482): [client ::1:62163] ::1 - - [localhost/sid#2702af91338][rid#2702afeaea0/subreq] pass through /index.html
[Sun Jul 29 06:10:21.210502 2018] [rewrite:trace2] [pid 12456:tid 1176] mod_rewrite.c(482): [client ::1:62163] ::1 - - [localhost/sid#2702af91338][rid#2702afeaea0/subreq] init rewrite engine with requested uri /index.php
[Sun Jul 29 06:10:21.210502 2018] [rewrite:trace1] [pid 12456:tid 1176] mod_rewrite.c(482): [client ::1:62163] ::1 - - [localhost/sid#2702af91338][rid#2702afeaea0/subreq] pass through /index.php
[Sun Jul 29 06:10:31.813411 2018] [rewrite:trace2] [pid 12456:tid 1176] mod_rewrite.c(482): [client ::1:62177] ::1 - - [localhost/sid#2702af91338][rid#2702d6b2b00/initial] init rewrite engine with requested uri /php/phpinfo.php, referer: http://localhost/
[Sun Jul 29 06:10:31.813411 2018] [rewrite:trace1] [pid 12456:tid 1176] mod_rewrite.c(482): [client ::1:62177] ::1 - - [localhost/sid#2702af91338][rid#2702d6b2b00/initial] pass through /php/phpinfo.php, referer: http://localhost/
[Sun Jul 29 06:10:39.066038 2018] [rewrite:trace2] [pid 12456:tid 1176] mod_rewrite.c(482): [client ::1:62186] ::1 - - [localhost/sid#2702af91338][rid#2702d6b4b10/initial] init rewrite engine with requested uri /php/mysql_show_variables.php, referer: http://localhost/
[Sun Jul 29 06:10:39.066038 2018] [rewrite:trace1] [pid 12456:tid 1176] mod_rewrite.c(482): [client ::1:62186] ::1 - - [localhost/sid#2702af91338][rid#2702d6b4b10/initial] pass through /php/mysql_show_variables.php, referer: http://localhost/
[Sun Jul 29 06:10:44.419283 2018] [rewrite:trace2] [pid 12456:tid 1176] mod_rewrite.c(482): [client ::1:62186] ::1 - - [localhost/sid#2702af91338][rid#2702d6d2c00/initial] init rewrite engine with requested uri /wordpress/index.php, referer: http://localhost/
[Sun Jul 29 06:10:44.419283 2018] [rewrite:trace1] [pid 12456:tid 1176] mod_rewrite.c(482): [client ::1:62186] ::1 - - [localhost/sid#2702af91338][rid#2702d6d2c00/initial] pass through /wordpress/index.php, referer: http://localhost/
[Sun Jul 29 06:10:45.043078 2018] [rewrite:trace2] [pid 12456:tid 1176] mod_rewrite.c(482): [client ::1:62186] ::1 - - [localhost/sid#2702af91338][rid#2702d6b4b10/initial] init rewrite engine with requested uri /wordpress/wp-admin/setup-config.php, referer: http://localhost/
[Sun Jul 29 06:10:45.043078 2018] [rewrite:trace1] [pid 12456:tid 1176] mod_rewrite.c(482): [client ::1:62186] ::1 - - [localhost/sid#2702af91338][rid#2702d6b4b10/initial] pass through /wordpress/wp-admin/setup-config.php, referer: http://localhost/
[Sun Jul 29 06:10:48.535025 2018] [rewrite:trace2] [pid 12456:tid 1176] mod_rewrite.c(482): [client ::1:62186] ::1 - - [localhost/sid#2702af91338][rid#2702d6cebe0/initial] init rewrite engine with requested uri /wordpress/images/spinner-2x.gif, referer: http://localhost/wordpress/wp-admin/setup-config.php
[Sun Jul 29 06:10:48.535025 2018] [rewrite:trace1] [pid 12456:tid 1176] mod_rewrite.c(482): [client ::1:62186] ::1 - - [localhost/sid#2702af91338][rid#2702d6cebe0/initial] pass through /wordpress/images/spinner-2x.gif, referer: http://localhost/wordpress/wp-admin/setup-config.php
[Sun Jul 29 06:11:41.782797 2018] [mpm_winnt:notice] [pid 12456:tid 688] AH00364: Child: All worker threads have exited.
[Sun Jul 29 06:11:44.020061 2018] [core:warn] [pid 16368:tid 588] AH00098: pid file J:/TWAMP_PHP7/twamp7/logs/apache.pid overwritten -- Unclean shutdown of previous Apache run?
PHP:  syntax error, unexpected $end, expecting TC_DOLLAR_CURLY or TC_QUOTED_STRING or '"' in J:\TWAMP_PHP7\twamp7\php.ini on line 58
[Sun Jul 29 06:11:44.032057 2018] [mpm_winnt:notice] [pid 16368:tid 588] AH00455: Apache/2.4.34 (Win64) PHP/7.2.8 configured -- resuming normal operations
[Sun Jul 29 06:11:44.032057 2018] [mpm_winnt:notice] [pid 16368:tid 588] AH00456: Apache Lounge VC15 Server built: Jul 11 2018 13:09:01
[Sun Jul 29 06:11:44.032057 2018] [core:notice] [pid 16368:tid 588] AH00094: Command line: 'httpd -d J:/TWAMP_PHP7/twamp7/server/httpd-2.4.34-win64-VC15/Apache24 -f J:\\TWAMP_PHP7\\twamp7/httpd.conf'
[Sun Jul 29 06:11:44.034057 2018] [mpm_winnt:notice] [pid 16368:tid 588] AH00418: Parent: Created child process 18872
PHP:  syntax error, unexpected $end, expecting TC_DOLLAR_CURLY or TC_QUOTED_STRING or '"' in J:\TWAMP_PHP7\twamp7\php.ini on line 58
[Sun Jul 29 06:11:44.411933 2018] [mpm_winnt:notice] [pid 18872:tid 680] AH00354: Child: Starting 64 worker threads.
[Sun Jul 29 06:11:48.098727 2018] [rewrite:trace2] [pid 18872:tid 1160] mod_rewrite.c(482): [client ::1:62282] ::1 - - [localhost/sid#1f89c3bb438][rid#1f89c405630/initial] init rewrite engine with requested uri /
[Sun Jul 29 06:11:48.099726 2018] [rewrite:trace1] [pid 18872:tid 1160] mod_rewrite.c(482): [client ::1:62282] ::1 - - [localhost/sid#1f89c3bb438][rid#1f89c405630/initial] pass through /
[Sun Jul 29 06:11:48.099726 2018] [rewrite:trace2] [pid 18872:tid 1160] mod_rewrite.c(482): [client ::1:62282] ::1 - - [localhost/sid#1f89c3bb438][rid#1f89c3f75c0/subreq] init rewrite engine with requested uri /index.html
[Sun Jul 29 06:11:48.099726 2018] [rewrite:trace1] [pid 18872:tid 1160] mod_rewrite.c(482): [client ::1:62282] ::1 - - [localhost/sid#1f89c3bb438][rid#1f89c3f75c0/subreq] pass through /index.html
[Sun Jul 29 06:11:48.099726 2018] [rewrite:trace2] [pid 18872:tid 1160] mod_rewrite.c(482): [client ::1:62282] ::1 - - [localhost/sid#1f89c3bb438][rid#1f89c3f75c0/subreq] init rewrite engine with requested uri /index.php
[Sun Jul 29 06:11:48.099726 2018] [rewrite:trace1] [pid 18872:tid 1160] mod_rewrite.c(482): [client ::1:62282] ::1 - - [localhost/sid#1f89c3bb438][rid#1f89c3f75c0/subreq] pass through /index.php
[Sun Jul 29 06:11:50.967785 2018] [rewrite:trace2] [pid 18872:tid 1160] mod_rewrite.c(482): [client ::1:62282] ::1 - - [localhost/sid#1f89c3bb438][rid#1f89c3ff600/initial] init rewrite engine with requested uri /wordpress/index.php, referer: http://localhost/
[Sun Jul 29 06:11:50.967785 2018] [rewrite:trace1] [pid 18872:tid 1160] mod_rewrite.c(482): [client ::1:62282] ::1 - - [localhost/sid#1f89c3bb438][rid#1f89c3ff600/initial] pass through /wordpress/index.php, referer: http://localhost/
[Sun Jul 29 06:11:51.174718 2018] [rewrite:trace2] [pid 18872:tid 1160] mod_rewrite.c(482): [client ::1:62282] ::1 - - [localhost/sid#1f89c3bb438][rid#1f89c405630/initial] init rewrite engine with requested uri /wordpress/wp-admin/setup-config.php, referer: http://localhost/
[Sun Jul 29 06:11:51.174718 2018] [rewrite:trace1] [pid 18872:tid 1160] mod_rewrite.c(482): [client ::1:62282] ::1 - - [localhost/sid#1f89c3bb438][rid#1f89c405630/initial] pass through /wordpress/wp-admin/setup-config.php, referer: http://localhost/
[Sun Jul 29 06:11:52.500286 2018] [rewrite:trace2] [pid 18872:tid 1160] mod_rewrite.c(482): [client ::1:62282] ::1 - - [localhost/sid#1f89c3bb438][rid#1f89c409650/initial] init rewrite engine with requested uri /wordpress/images/spinner-2x.gif, referer: http://localhost/wordpress/wp-admin/setup-config.php
[Sun Jul 29 06:11:52.500286 2018] [rewrite:trace1] [pid 18872:tid 1160] mod_rewrite.c(482): [client ::1:62282] ::1 - - [localhost/sid#1f89c3bb438][rid#1f89c409650/initial] pass through /wordpress/images/spinner-2x.gif, referer: http://localhost/wordpress/wp-admin/setup-config.php
[Sun Jul 29 06:11:59.691695 2018] [rewrite:trace2] [pid 18872:tid 1160] mod_rewrite.c(482): [client ::1:62295] ::1 - - [localhost/sid#1f89c3bb438][rid#1f89eb88440/initial] init rewrite engine with requested uri /wordpress/wp-admin/setup-config.php, referer: http://localhost/wordpress/wp-admin/setup-config.php
[Sun Jul 29 06:11:59.691695 2018] [rewrite:trace1] [pid 18872:tid 1160] mod_rewrite.c(482): [client ::1:62295] ::1 - - [localhost/sid#1f89c3bb438][rid#1f89eb88440/initial] pass through /wordpress/wp-admin/setup-config.php, referer: http://localhost/wordpress/wp-admin/setup-config.php
[Sun Jul 29 06:19:22.860431 2018] [mpm_winnt:notice] [pid 18872:tid 680] AH00364: Child: All worker threads have exited.
[Mon Jul 30 10:43:01.259214 2018] [core:warn] [pid 15192:tid 144] AH00098: pid file J:/TWAMP_PHP7/twamp7/logs/apache.pid overwritten -- Unclean shutdown of previous Apache run?
PHP:  syntax error, unexpected $end, expecting TC_DOLLAR_CURLY or TC_QUOTED_STRING or '"' in J:\TWAMP_PHP7\twamp7\php.ini on line 58
[Mon Jul 30 10:43:01.282206 2018] [mpm_winnt:notice] [pid 15192:tid 144] AH00455: Apache/2.4.34 (Win64) PHP/7.2.8 configured -- resuming normal operations
[Mon Jul 30 10:43:01.282206 2018] [mpm_winnt:notice] [pid 15192:tid 144] AH00456: Apache Lounge VC15 Server built: Jul 11 2018 13:09:01
[Mon Jul 30 10:43:01.282206 2018] [core:notice] [pid 15192:tid 144] AH00094: Command line: 'httpd -d J:/TWAMP_PHP7/twamp7/server/httpd-2.4.34-win64-VC15/Apache24 -f J:\\TWAMP_PHP7\\twamp7/httpd.conf'
[Mon Jul 30 10:43:01.284206 2018] [mpm_winnt:notice] [pid 15192:tid 144] AH00418: Parent: Created child process 20464
PHP:  syntax error, unexpected $end, expecting TC_DOLLAR_CURLY or TC_QUOTED_STRING or '"' in J:\TWAMP_PHP7\twamp7\php.ini on line 58
[Mon Jul 30 10:43:01.794040 2018] [mpm_winnt:notice] [pid 20464:tid 752] AH00354: Child: Starting 64 worker threads.
[Mon Jul 30 10:43:10.383299 2018] [rewrite:trace2] [pid 20464:tid 1168] mod_rewrite.c(482): [client ::1:63665] ::1 - - [localhost/sid#19cca469888][rid#19cca4b1d30/initial] init rewrite engine with requested uri /
[Mon Jul 30 10:43:10.383299 2018] [rewrite:trace1] [pid 20464:tid 1168] mod_rewrite.c(482): [client ::1:63665] ::1 - - [localhost/sid#19cca469888][rid#19cca4b1d30/initial] pass through /
[Mon Jul 30 10:43:10.384298 2018] [rewrite:trace2] [pid 20464:tid 1168] mod_rewrite.c(482): [client ::1:63665] ::1 - - [localhost/sid#19cca469888][rid#19cca4a9cf0/subreq] init rewrite engine with requested uri /index.html
[Mon Jul 30 10:43:10.384298 2018] [rewrite:trace1] [pid 20464:tid 1168] mod_rewrite.c(482): [client ::1:63665] ::1 - - [localhost/sid#19cca469888][rid#19cca4a9cf0/subreq] pass through /index.html
[Mon Jul 30 10:43:10.384298 2018] [rewrite:trace2] [pid 20464:tid 1168] mod_rewrite.c(482): [client ::1:63665] ::1 - - [localhost/sid#19cca469888][rid#19cca4a9cf0/subreq] init rewrite engine with requested uri /index.php
[Mon Jul 30 10:43:10.384298 2018] [rewrite:trace1] [pid 20464:tid 1168] mod_rewrite.c(482): [client ::1:63665] ::1 - - [localhost/sid#19cca469888][rid#19cca4a9cf0/subreq] pass through /index.php
[Mon Jul 30 10:43:12.746525 2018] [rewrite:trace2] [pid 20464:tid 1168] mod_rewrite.c(482): [client ::1:63665] ::1 - - [localhost/sid#19cca469888][rid#19cca4b7d60/initial] init rewrite engine with requested uri /php/phpinfo.php, referer: http://localhost/
[Mon Jul 30 10:43:12.746525 2018] [rewrite:trace1] [pid 20464:tid 1168] mod_rewrite.c(482): [client ::1:63665] ::1 - - [localhost/sid#19cca469888][rid#19cca4b7d60/initial] pass through /php/phpinfo.php, referer: http://localhost/
[Mon Jul 30 10:43:16.044445 2018] [rewrite:trace2] [pid 20464:tid 1168] mod_rewrite.c(482): [client ::1:63665] ::1 - - [localhost/sid#19cca469888][rid#19cca4b1d30/initial] init rewrite engine with requested uri /
[Mon Jul 30 10:43:16.044445 2018] [rewrite:trace1] [pid 20464:tid 1168] mod_rewrite.c(482): [client ::1:63665] ::1 - - [localhost/sid#19cca469888][rid#19cca4b1d30/initial] pass through /
[Mon Jul 30 10:43:16.045445 2018] [rewrite:trace2] [pid 20464:tid 1168] mod_rewrite.c(482): [client ::1:63665] ::1 - - [localhost/sid#19cca469888][rid#19cca4b9d70/subreq] init rewrite engine with requested uri /index.html
[Mon Jul 30 10:43:16.045445 2018] [rewrite:trace1] [pid 20464:tid 1168] mod_rewrite.c(482): [client ::1:63665] ::1 - - [localhost/sid#19cca469888][rid#19cca4b9d70/subreq] pass through /index.html
[Mon Jul 30 10:43:16.045445 2018] [rewrite:trace2] [pid 20464:tid 1168] mod_rewrite.c(482): [client ::1:63665] ::1 - - [localhost/sid#19cca469888][rid#19cca4b9d70/subreq] init rewrite engine with requested uri /index.php
[Mon Jul 30 10:43:16.045445 2018] [rewrite:trace1] [pid 20464:tid 1168] mod_rewrite.c(482): [client ::1:63665] ::1 - - [localhost/sid#19cca469888][rid#19cca4b9d70/subreq] pass through /index.php
[Mon Jul 30 10:43:17.552953 2018] [rewrite:trace2] [pid 20464:tid 1168] mod_rewrite.c(482): [client ::1:63665] ::1 - - [localhost/sid#19cca469888][rid#19cca4b7d60/initial] init rewrite engine with requested uri /php/mysql_show_variables.php, referer: http://localhost/
[Mon Jul 30 10:43:17.552953 2018] [rewrite:trace1] [pid 20464:tid 1168] mod_rewrite.c(482): [client ::1:63665] ::1 - - [localhost/sid#19cca469888][rid#19cca4b7d60/initial] pass through /php/mysql_show_variables.php, referer: http://localhost/
[Mon Jul 30 10:43:41.837997 2018] [mpm_winnt:notice] [pid 20464:tid 752] AH00364: Child: All worker threads have exited.
[Mon Jul 30 10:43:48.153929 2018] [core:warn] [pid 23496:tid 548] AH00098: pid file J:/TWAMP_PHP7/twamp7/logs/apache.pid overwritten -- Unclean shutdown of previous Apache run?
PHP:  syntax error, unexpected $end, expecting TC_DOLLAR_CURLY or TC_QUOTED_STRING or '"' in J:\TWAMP_PHP7\twamp7\php.ini on line 58
[Mon Jul 30 10:43:48.168924 2018] [mpm_winnt:notice] [pid 23496:tid 548] AH00455: Apache/2.4.34 (Win64) PHP/7.2.8 configured -- resuming normal operations
[Mon Jul 30 10:43:48.168924 2018] [mpm_winnt:notice] [pid 23496:tid 548] AH00456: Apache Lounge VC15 Server built: Jul 11 2018 13:09:01
[Mon Jul 30 10:43:48.168924 2018] [core:notice] [pid 23496:tid 548] AH00094: Command line: 'httpd -d J:/TWAMP_PHP7/twamp7/server/httpd-2.4.34-win64-VC15/Apache24 -f J:\\TWAMP_PHP7\\twamp7/httpd.conf'
[Mon Jul 30 10:43:48.170924 2018] [mpm_winnt:notice] [pid 23496:tid 548] AH00418: Parent: Created child process 24940
PHP:  syntax error, unexpected $end, expecting TC_DOLLAR_CURLY or TC_QUOTED_STRING or '"' in J:\TWAMP_PHP7\twamp7\php.ini on line 58
[Mon Jul 30 10:43:48.566795 2018] [mpm_winnt:notice] [pid 24940:tid 716] AH00354: Child: Starting 64 worker threads.
[Mon Jul 30 10:44:00.283959 2018] [rewrite:trace2] [pid 24940:tid 1180] mod_rewrite.c(482): [client ::1:63721] ::1 - - [localhost/sid#285bd2ec448][rid#285bd346f30/initial] init rewrite engine with requested uri /
[Mon Jul 30 10:44:00.283959 2018] [rewrite:trace1] [pid 24940:tid 1180] mod_rewrite.c(482): [client ::1:63721] ::1 - - [localhost/sid#285bd2ec448][rid#285bd346f30/initial] pass through /
[Mon Jul 30 10:44:00.283959 2018] [rewrite:trace2] [pid 24940:tid 1180] mod_rewrite.c(482): [client ::1:63721] ::1 - - [localhost/sid#285bd2ec448][rid#285bd34cf60/subreq] init rewrite engine with requested uri /index.html
[Mon Jul 30 10:44:00.283959 2018] [rewrite:trace1] [pid 24940:tid 1180] mod_rewrite.c(482): [client ::1:63721] ::1 - - [localhost/sid#285bd2ec448][rid#285bd34cf60/subreq] pass through /index.html
[Mon Jul 30 10:44:00.283959 2018] [rewrite:trace2] [pid 24940:tid 1180] mod_rewrite.c(482): [client ::1:63721] ::1 - - [localhost/sid#285bd2ec448][rid#285bd34cf60/subreq] init rewrite engine with requested uri /index.php
[Mon Jul 30 10:44:00.284959 2018] [rewrite:trace1] [pid 24940:tid 1180] mod_rewrite.c(482): [client ::1:63721] ::1 - - [localhost/sid#285bd2ec448][rid#285bd34cf60/subreq] pass through /index.php
[Mon Jul 30 10:44:02.464242 2018] [rewrite:trace2] [pid 24940:tid 1180] mod_rewrite.c(482): [client ::1:63721] ::1 - - [localhost/sid#285bd2ec448][rid#285bd348f40/initial] init rewrite engine with requested uri /php/phpinfo.php, referer: http://localhost/
[Mon Jul 30 10:44:02.464242 2018] [rewrite:trace1] [pid 24940:tid 1180] mod_rewrite.c(482): [client ::1:63721] ::1 - - [localhost/sid#285bd2ec448][rid#285bd348f40/initial] pass through /php/phpinfo.php, referer: http://localhost/
[Mon Jul 30 10:44:06.439945 2018] [rewrite:trace2] [pid 24940:tid 1180] mod_rewrite.c(482): [client ::1:63721] ::1 - - [localhost/sid#285bd2ec448][rid#285bd346f30/initial] init rewrite engine with requested uri /php/mysql_show_variables.php, referer: http://localhost/
[Mon Jul 30 10:44:06.439945 2018] [rewrite:trace1] [pid 24940:tid 1180] mod_rewrite.c(482): [client ::1:63721] ::1 - - [localhost/sid#285bd2ec448][rid#285bd346f30/initial] pass through /php/mysql_show_variables.php, referer: http://localhost/
[Mon Jul 30 10:44:09.934798 2018] [rewrite:trace2] [pid 24940:tid 1180] mod_rewrite.c(482): [client ::1:63721] ::1 - - [localhost/sid#285bd2ec448][rid#285bd348f40/initial] init rewrite engine with requested uri /wordpress/index.php, referer: http://localhost/
[Mon Jul 30 10:44:09.934798 2018] [rewrite:trace1] [pid 24940:tid 1180] mod_rewrite.c(482): [client ::1:63721] ::1 - - [localhost/sid#285bd2ec448][rid#285bd348f40/initial] pass through /wordpress/index.php, referer: http://localhost/
[Mon Jul 30 10:44:10.189714 2018] [rewrite:trace2] [pid 24940:tid 1180] mod_rewrite.c(482): [client ::1:63721] ::1 - - [localhost/sid#285bd2ec448][rid#285bd346f30/initial] init rewrite engine with requested uri /wordpress/wp-admin/setup-config.php, referer: http://localhost/
[Mon Jul 30 10:44:10.189714 2018] [rewrite:trace1] [pid 24940:tid 1180] mod_rewrite.c(482): [client ::1:63721] ::1 - - [localhost/sid#285bd2ec448][rid#285bd346f30/initial] pass through /wordpress/wp-admin/setup-config.php, referer: http://localhost/
[Mon Jul 30 10:44:11.580271 2018] [rewrite:trace2] [pid 24940:tid 1180] mod_rewrite.c(482): [client ::1:63721] ::1 - - [localhost/sid#285bd2ec448][rid#285bd34af50/initial] init rewrite engine with requested uri /wordpress/images/spinner-2x.gif, referer: http://localhost/wordpress/wp-admin/setup-config.php
[Mon Jul 30 10:44:11.580271 2018] [rewrite:trace1] [pid 24940:tid 1180] mod_rewrite.c(482): [client ::1:63721] ::1 - - [localhost/sid#285bd2ec448][rid#285bd34af50/initial] pass through /wordpress/images/spinner-2x.gif, referer: http://localhost/wordpress/wp-admin/setup-config.php
[Mon Jul 30 10:44:15.624760 2018] [rewrite:trace2] [pid 24940:tid 1180] mod_rewrite.c(482): [client ::1:63721] ::1 - - [localhost/sid#285bd2ec448][rid#285bd346f30/initial] init rewrite engine with requested uri /php/mysql_show_variables.php, referer: http://localhost/
[Mon Jul 30 10:44:15.624760 2018] [rewrite:trace1] [pid 24940:tid 1180] mod_rewrite.c(482): [client ::1:63721] ::1 - - [localhost/sid#285bd2ec448][rid#285bd346f30/initial] pass through /php/mysql_show_variables.php, referer: http://localhost/
[Mon Jul 30 10:44:19.927350 2018] [rewrite:trace2] [pid 24940:tid 1180] mod_rewrite.c(482): [client ::1:63721] ::1 - - [localhost/sid#285bd2ec448][rid#285bd34cf60/initial] init rewrite engine with requested uri /php/phpinfo.php, referer: http://localhost/
[Mon Jul 30 10:44:19.927350 2018] [rewrite:trace1] [pid 24940:tid 1180] mod_rewrite.c(482): [client ::1:63721] ::1 - - [localhost/sid#285bd2ec448][rid#285bd34cf60/initial] pass through /php/phpinfo.php, referer: http://localhost/
[Mon Jul 30 10:44:23.755131 2018] [rewrite:trace2] [pid 24940:tid 1180] mod_rewrite.c(482): [client ::1:63721] ::1 - - [localhost/sid#285bd2ec448][rid#285bd346f30/initial] init rewrite engine with requested uri /wordpress/index.php, referer: http://localhost/
[Mon Jul 30 10:44:23.756134 2018] [rewrite:trace1] [pid 24940:tid 1180] mod_rewrite.c(482): [client ::1:63721] ::1 - - [localhost/sid#285bd2ec448][rid#285bd346f30/initial] pass through /wordpress/index.php, referer: http://localhost/
[Mon Jul 30 10:44:23.922075 2018] [rewrite:trace2] [pid 24940:tid 1180] mod_rewrite.c(482): [client ::1:63721] ::1 - - [localhost/sid#285bd2ec448][rid#285bd34cf60/initial] init rewrite engine with requested uri /wordpress/wp-admin/setup-config.php, referer: http://localhost/
[Mon Jul 30 10:44:23.922075 2018] [rewrite:trace1] [pid 24940:tid 1180] mod_rewrite.c(482): [client ::1:63721] ::1 - - [localhost/sid#285bd2ec448][rid#285bd34cf60/initial] pass through /wordpress/wp-admin/setup-config.php, referer: http://localhost/
[Mon Jul 30 10:44:25.253640 2018] [rewrite:trace2] [pid 24940:tid 1180] mod_rewrite.c(482): [client ::1:63721] ::1 - - [localhost/sid#285bd2ec448][rid#285bd348f40/initial] init rewrite engine with requested uri /wordpress/images/spinner-2x.gif, referer: http://localhost/wordpress/wp-admin/setup-config.php
[Mon Jul 30 10:44:25.253640 2018] [rewrite:trace1] [pid 24940:tid 1180] mod_rewrite.c(482): [client ::1:63721] ::1 - - [localhost/sid#285bd2ec448][rid#285bd348f40/initial] pass through /wordpress/images/spinner-2x.gif, referer: http://localhost/wordpress/wp-admin/setup-config.php
